<?xml version="1.0" encoding="UTF-8"?>
<!-- Generated by org.testng.reporters.JUnitReportReporter -->
<testsuite skipped="0" hostname="DESKTOP-MD5MIM9" name="com.innetBanking_testCases.TC_AddCustomerTest_003" tests="1" failures="0" timestamp="2020-07-24T18:48:47 IST" time="27.217" errors="0">
  <testcase name="addNewCustome" time="27.217" classname="com.innetBanking_testCases.TC_AddCustomerTest_003"/>
</testsuite> <!-- com.innetBanking_testCases.TC_AddCustomerTest_003 -->
